[2018-05-01T11:38:16.501] [INFO] access - ::1 - - "GET / HTTP/1.1" 200 1409 "" "Mozilla/5.0 (Windows NT 10.0; Win64; x64) AppleWebKit/537.36 (KHTML, like Gecko) Chrome/66.0.3359.139 Safari/537.36"
[2018-05-01T11:38:16.762] [ERROR] access - ::1 - - "GET /favicon.ico HTTP/1.1" 404 150 "http://localhost:3000/" "Mozilla/5.0 (Windows NT 10.0; Win64; x64) AppleWebKit/537.36 (KHTML, like Gecko) Chrome/66.0.3359.139 Safari/537.36"
[2018-05-01T11:38:18.258] [INFO] access - ::1 - - "GET /account HTTP/1.1" 200 1501 "http://localhost:3000/" "Mozilla/5.0 (Windows NT 10.0; Win64; x64) AppleWebKit/537.36 (KHTML, like Gecko) Chrome/66.0.3359.139 Safari/537.36"
[2018-05-01T11:39:48.173] [WARN] access - ::1 - - "GET /account HTTP/1.1" 302 72 "http://localhost:3000/account" "Mozilla/5.0 (Windows NT 10.0; Win64; x64) AppleWebKit/537.36 (KHTML, like Gecko) Chrome/66.0.3359.139 Safari/537.36"
[2018-05-01T11:39:48.200] [INFO] access - ::1 - - "GET /account/login HTTP/1.1" 200 2113 "http://localhost:3000/account" "Mozilla/5.0 (Windows NT 10.0; Win64; x64) AppleWebKit/537.36 (KHTML, like Gecko) Chrome/66.0.3359.139 Safari/537.36"
[2018-05-01T11:41:04.069] [WARN] access - ::1 - - "GET /account HTTP/1.1" 302 72 "http://localhost:3000/account/login" "Mozilla/5.0 (Windows NT 10.0; Win64; x64) AppleWebKit/537.36 (KHTML, like Gecko) Chrome/66.0.3359.139 Safari/537.36"
[2018-05-01T11:41:04.099] [INFO] access - ::1 - - "GET /account/login HTTP/1.1" 200 2217 "http://localhost:3000/account/login" "Mozilla/5.0 (Windows NT 10.0; Win64; x64) AppleWebKit/537.36 (KHTML, like Gecko) Chrome/66.0.3359.139 Safari/537.36"
[2018-05-01T11:42:33.716] [INFO] access - ::1 - - "GET /account/login HTTP/1.1" 200 2209 "http://localhost:3000/account/login" "Mozilla/5.0 (Windows NT 10.0; Win64; x64) AppleWebKit/537.36 (KHTML, like Gecko) Chrome/66.0.3359.139 Safari/537.36"
[2018-05-01T11:45:35.364] [INFO] access - ::1 - - "GET /account/login HTTP/1.1" 200 2227 "http://localhost:3000/account/login" "Mozilla/5.0 (Windows NT 10.0; Win64; x64) AppleWebKit/537.36 (KHTML, like Gecko) Chrome/66.0.3359.139 Safari/537.36"
[2018-05-01T11:45:36.468] [WARN] access - ::1 - - "GET /account HTTP/1.1" 302 72 "http://localhost:3000/account/login" "Mozilla/5.0 (Windows NT 10.0; Win64; x64) AppleWebKit/537.36 (KHTML, like Gecko) Chrome/66.0.3359.139 Safari/537.36"
[2018-05-01T11:45:36.477] [WARN] access - ::1 - - "GET /account/login HTTP/1.1" 304 - "http://localhost:3000/account/login" "Mozilla/5.0 (Windows NT 10.0; Win64; x64) AppleWebKit/537.36 (KHTML, like Gecko) Chrome/66.0.3359.139 Safari/537.36"
[2018-05-01T11:45:36.923] [INFO] access - ::1 - - "GET /search HTTP/1.1" 200 2627 "http://localhost:3000/account/login" "Mozilla/5.0 (Windows NT 10.0; Win64; x64) AppleWebKit/537.36 (KHTML, like Gecko) Chrome/66.0.3359.139 Safari/537.36"
[2018-05-01T11:45:37.498] [WARN] access - ::1 - - "GET /account HTTP/1.1" 302 72 "http://localhost:3000/search" "Mozilla/5.0 (Windows NT 10.0; Win64; x64) AppleWebKit/537.36 (KHTML, like Gecko) Chrome/66.0.3359.139 Safari/537.36"
[2018-05-01T11:45:37.505] [WARN] access - ::1 - - "GET /account/login HTTP/1.1" 304 - "http://localhost:3000/search" "Mozilla/5.0 (Windows NT 10.0; Win64; x64) AppleWebKit/537.36 (KHTML, like Gecko) Chrome/66.0.3359.139 Safari/537.36"
[2018-05-01T11:46:04.179] [WARN] access - ::1 - - "POST /account/login HTTP/1.1" 302 62 "http://localhost:3000/account/login" "Mozilla/5.0 (Windows NT 10.0; Win64; x64) AppleWebKit/537.36 (KHTML, like Gecko) Chrome/66.0.3359.139 Safari/537.36"
[2018-05-01T11:46:04.197] [INFO] access - ::1 - - "GET /account/ HTTP/1.1" 200 1501 "http://localhost:3000/account/login" "Mozilla/5.0 (Windows NT 10.0; Win64; x64) AppleWebKit/537.36 (KHTML, like Gecko) Chrome/66.0.3359.139 Safari/537.36"
[2018-05-01T11:46:15.683] [INFO] access - ::1 - - "GET /account/posts/regist HTTP/1.1" 200 3036 "http://localhost:3000/account/" "Mozilla/5.0 (Windows NT 10.0; Win64; x64) AppleWebKit/537.36 (KHTML, like Gecko) Chrome/66.0.3359.139 Safari/537.36"
[2018-05-01T11:46:17.263] [INFO] access - ::1 - - "GET /account HTTP/1.1" 200 1501 "http://localhost:3000/account/posts/regist" "Mozilla/5.0 (Windows NT 10.0; Win64; x64) AppleWebKit/537.36 (KHTML, like Gecko) Chrome/66.0.3359.139 Safari/537.36"
[2018-05-01T11:46:40.499] [WARN] access - ::1 - - "GET /account HTTP/1.1" 302 72 "http://localhost:3000/account" "Mozilla/5.0 (Windows NT 10.0; Win64; x64) AppleWebKit/537.36 (KHTML, like Gecko) Chrome/66.0.3359.139 Safari/537.36"
[2018-05-01T11:46:40.531] [INFO] access - ::1 - - "GET /account/login HTTP/1.1" 200 2227 "http://localhost:3000/account" "Mozilla/5.0 (Windows NT 10.0; Win64; x64) AppleWebKit/537.36 (KHTML, like Gecko) Chrome/66.0.3359.139 Safari/537.36"
[2018-05-01T11:46:52.823] [WARN] access - ::1 - - "POST /account/login HTTP/1.1" 302 72 "http://localhost:3000/account/login" "Mozilla/5.0 (Windows NT 10.0; Win64; x64) AppleWebKit/537.36 (KHTML, like Gecko) Chrome/66.0.3359.139 Safari/537.36"
[2018-05-01T11:46:52.832] [INFO] access - ::1 - - "GET /account/login HTTP/1.1" 200 2360 "http://localhost:3000/account/login" "Mozilla/5.0 (Windows NT 10.0; Win64; x64) AppleWebKit/537.36 (KHTML, like Gecko) Chrome/66.0.3359.139 Safari/537.36"
[2018-05-01T11:48:45.510] [WARN] access - ::1 - - "GET /account HTTP/1.1" 302 72 "http://localhost:3000/account/login" "Mozilla/5.0 (Windows NT 10.0; Win64; x64) AppleWebKit/537.36 (KHTML, like Gecko) Chrome/66.0.3359.139 Safari/537.36"
[2018-05-01T11:48:45.542] [INFO] access - ::1 - - "GET /account/login HTTP/1.1" 200 2227 "http://localhost:3000/account/login" "Mozilla/5.0 (Windows NT 10.0; Win64; x64) AppleWebKit/537.36 (KHTML, like Gecko) Chrome/66.0.3359.139 Safari/537.36"
[2018-05-01T11:49:14.314] [WARN] access - ::1 - - "POST /account/login HTTP/1.1" 302 62 "http://localhost:3000/account/login" "Mozilla/5.0 (Windows NT 10.0; Win64; x64) AppleWebKit/537.36 (KHTML, like Gecko) Chrome/66.0.3359.139 Safari/537.36"
[2018-05-01T11:49:14.348] [WARN] access - ::1 - - "GET /account/ HTTP/1.1" 304 - "http://localhost:3000/account/login" "Mozilla/5.0 (Windows NT 10.0; Win64; x64) AppleWebKit/537.36 (KHTML, like Gecko) Chrome/66.0.3359.139 Safari/537.36"
[2018-05-01T13:18:11.509] [INFO] access - ::1 - - "GET / HTTP/1.1" 200 1409 "" "Mozilla/5.0 (Windows NT 10.0; Win64; x64) AppleWebKit/537.36 (KHTML, like Gecko) Chrome/66.0.3359.139 Safari/537.36"
[2018-05-01T13:18:11.792] [ERROR] access - ::1 - - "GET /favicon.ico HTTP/1.1" 404 150 "http://localhost:3000/" "Mozilla/5.0 (Windows NT 10.0; Win64; x64) AppleWebKit/537.36 (KHTML, like Gecko) Chrome/66.0.3359.139 Safari/537.36"
[2018-05-01T13:18:13.120] [WARN] access - ::1 - - "GET /account HTTP/1.1" 302 72 "http://localhost:3000/" "Mozilla/5.0 (Windows NT 10.0; Win64; x64) AppleWebKit/537.36 (KHTML, like Gecko) Chrome/66.0.3359.139 Safari/537.36"
[2018-05-01T13:18:13.132] [INFO] access - ::1 - - "GET /account/login HTTP/1.1" 200 2227 "http://localhost:3000/" "Mozilla/5.0 (Windows NT 10.0; Win64; x64) AppleWebKit/537.36 (KHTML, like Gecko) Chrome/66.0.3359.139 Safari/537.36"
[2018-05-01T13:18:52.750] [WARN] access - ::1 - - "POST /account/login HTTP/1.1" 302 62 "http://localhost:3000/account/login" "Mozilla/5.0 (Windows NT 10.0; Win64; x64) AppleWebKit/537.36 (KHTML, like Gecko) Chrome/66.0.3359.139 Safari/537.36"
[2018-05-01T13:18:52.770] [INFO] access - ::1 - - "GET /account/ HTTP/1.1" 200 1501 "http://localhost:3000/account/login" "Mozilla/5.0 (Windows NT 10.0; Win64; x64) AppleWebKit/537.36 (KHTML, like Gecko) Chrome/66.0.3359.139 Safari/537.36"
[2018-05-01T13:18:54.663] [INFO] access - ::1 - - "GET /account/posts/regist HTTP/1.1" 200 3036 "http://localhost:3000/account/" "Mozilla/5.0 (Windows NT 10.0; Win64; x64) AppleWebKit/537.36 (KHTML, like Gecko) Chrome/66.0.3359.139 Safari/537.36"
[2018-05-01T13:19:13.609] [WARN] access - ::1 - - "GET /account/posts/regist HTTP/1.1" 302 72 "" "Mozilla/5.0 (Windows NT 10.0; Win64; x64) AppleWebKit/537.36 (KHTML, like Gecko) Chrome/66.0.3359.139 Safari/537.36"
[2018-05-01T13:19:13.645] [INFO] access - ::1 - - "GET /account/login HTTP/1.1" 200 2227 "" "Mozilla/5.0 (Windows NT 10.0; Win64; x64) AppleWebKit/537.36 (KHTML, like Gecko) Chrome/66.0.3359.139 Safari/537.36"
[2018-05-01T13:19:23.652] [WARN] access - ::1 - - "GET /account/posts/regist HTTP/1.1" 302 72 "" "Mozilla/5.0 (Windows NT 10.0; Win64; x64) AppleWebKit/537.36 (KHTML, like Gecko) Chrome/66.0.3359.139 Safari/537.36"
[2018-05-01T13:19:23.661] [WARN] access - ::1 - - "GET /account/login HTTP/1.1" 304 - "" "Mozilla/5.0 (Windows NT 10.0; Win64; x64) AppleWebKit/537.36 (KHTML, like Gecko) Chrome/66.0.3359.139 Safari/537.36"
[2018-05-01T13:19:42.702] [WARN] access - ::1 - - "POST /account/login HTTP/1.1" 302 62 "http://localhost:3000/account/login" "Mozilla/5.0 (Windows NT 10.0; Win64; x64) AppleWebKit/537.36 (KHTML, like Gecko) Chrome/66.0.3359.139 Safari/537.36"
[2018-05-01T13:19:42.723] [WARN] access - ::1 - - "GET /account/ HTTP/1.1" 304 - "http://localhost:3000/account/login" "Mozilla/5.0 (Windows NT 10.0; Win64; x64) AppleWebKit/537.36 (KHTML, like Gecko) Chrome/66.0.3359.139 Safari/537.36"
[2018-05-01T13:20:57.179] [WARN] access - ::1 - - "GET /account/posts/regist HTTP/1.1" 302 72 "http://localhost:3000/account/" "Mozilla/5.0 (Windows NT 10.0; Win64; x64) AppleWebKit/537.36 (KHTML, like Gecko) Chrome/66.0.3359.139 Safari/537.36"
[2018-05-01T13:20:57.195] [INFO] access - ::1 - - "GET /account/login HTTP/1.1" 200 2227 "http://localhost:3000/account/" "Mozilla/5.0 (Windows NT 10.0; Win64; x64) AppleWebKit/537.36 (KHTML, like Gecko) Chrome/66.0.3359.139 Safari/537.36"
[2018-05-01T13:21:13.338] [INFO] access - ::1 - - "GET /account HTTP/1.1" 200 1501 "http://localhost:3000/account/login" "Mozilla/5.0 (Windows NT 10.0; Win64; x64) AppleWebKit/537.36 (KHTML, like Gecko) Chrome/66.0.3359.139 Safari/537.36"
[2018-05-01T13:47:58.654] [INFO] access - ::1 - - "GET / HTTP/1.1" 200 1413 "" "Mozilla/5.0 (Windows NT 10.0; Win64; x64) AppleWebKit/537.36 (KHTML, like Gecko) Chrome/66.0.3359.139 Safari/537.36"
[2018-05-01T13:47:58.913] [ERROR] access - ::1 - - "GET /favicon.ico HTTP/1.1" 404 150 "http://localhost:3000/" "Mozilla/5.0 (Windows NT 10.0; Win64; x64) AppleWebKit/537.36 (KHTML, like Gecko) Chrome/66.0.3359.139 Safari/537.36"
[2018-05-01T13:48:00.572] [WARN] access - ::1 - - "GET /account HTTP/1.1" 302 72 "http://localhost:3000/" "Mozilla/5.0 (Windows NT 10.0; Win64; x64) AppleWebKit/537.36 (KHTML, like Gecko) Chrome/66.0.3359.139 Safari/537.36"
[2018-05-01T13:48:00.580] [INFO] access - ::1 - - "GET /account/login HTTP/1.1" 200 2231 "http://localhost:3000/" "Mozilla/5.0 (Windows NT 10.0; Win64; x64) AppleWebKit/537.36 (KHTML, like Gecko) Chrome/66.0.3359.139 Safari/537.36"
[2018-05-01T13:48:17.495] [WARN] access - ::1 - - "POST /account/login HTTP/1.1" 302 62 "http://localhost:3000/account/login" "Mozilla/5.0 (Windows NT 10.0; Win64; x64) AppleWebKit/537.36 (KHTML, like Gecko) Chrome/66.0.3359.139 Safari/537.36"
[2018-05-01T13:48:17.513] [INFO] access - ::1 - - "GET /account/ HTTP/1.1" 200 1708 "http://localhost:3000/account/login" "Mozilla/5.0 (Windows NT 10.0; Win64; x64) AppleWebKit/537.36 (KHTML, like Gecko) Chrome/66.0.3359.139 Safari/537.36"
[2018-05-01T13:48:21.711] [WARN] access - ::1 - - "POST /account/logout HTTP/1.1" 302 72 "http://localhost:3000/account/" "Mozilla/5.0 (Windows NT 10.0; Win64; x64) AppleWebKit/537.36 (KHTML, like Gecko) Chrome/66.0.3359.139 Safari/537.36"
[2018-05-01T13:48:21.718] [INFO] access - ::1 - - "GET /account/login HTTP/1.1" 200 2231 "http://localhost:3000/account/" "Mozilla/5.0 (Windows NT 10.0; Win64; x64) AppleWebKit/537.36 (KHTML, like Gecko) Chrome/66.0.3359.139 Safari/537.36"
[2018-05-01T13:48:27.405] [WARN] access - ::1 - - "POST /account/login HTTP/1.1" 302 62 "http://localhost:3000/account/login" "Mozilla/5.0 (Windows NT 10.0; Win64; x64) AppleWebKit/537.36 (KHTML, like Gecko) Chrome/66.0.3359.139 Safari/537.36"
[2018-05-01T13:48:27.423] [WARN] access - ::1 - - "GET /account/ HTTP/1.1" 304 - "http://localhost:3000/account/login" "Mozilla/5.0 (Windows NT 10.0; Win64; x64) AppleWebKit/537.36 (KHTML, like Gecko) Chrome/66.0.3359.139 Safari/537.36"
[2018-05-01T13:48:28.910] [INFO] access - ::1 - - "GET / HTTP/1.1" 200 1616 "http://localhost:3000/account/" "Mozilla/5.0 (Windows NT 10.0; Win64; x64) AppleWebKit/537.36 (KHTML, like Gecko) Chrome/66.0.3359.139 Safari/537.36"
[2018-05-01T13:48:29.894] [INFO] access - ::1 - - "GET /search HTTP/1.1" 200 2690 "http://localhost:3000/" "Mozilla/5.0 (Windows NT 10.0; Win64; x64) AppleWebKit/537.36 (KHTML, like Gecko) Chrome/66.0.3359.139 Safari/537.36"
[2018-05-01T13:48:32.158] [INFO] access - ::1 - - "GET /posts/2017/06/nodejs-basic.html HTTP/1.1" 200 1824 "http://localhost:3000/search" "Mozilla/5.0 (Windows NT 10.0; Win64; x64) AppleWebKit/537.36 (KHTML, like Gecko) Chrome/66.0.3359.139 Safari/537.36"
[2018-05-01T13:48:33.661] [INFO] access - ::1 - - "GET /account HTTP/1.1" 200 1708 "http://localhost:3000/posts/2017/06/nodejs-basic.html" "Mozilla/5.0 (Windows NT 10.0; Win64; x64) AppleWebKit/537.36 (KHTML, like Gecko) Chrome/66.0.3359.139 Safari/537.36"
[2018-05-01T13:48:34.754] [INFO] access - ::1 - - "GET /account/posts/regist HTTP/1.1" 200 3243 "http://localhost:3000/account" "Mozilla/5.0 (Windows NT 10.0; Win64; x64) AppleWebKit/537.36 (KHTML, like Gecko) Chrome/66.0.3359.139 Safari/537.36"
[2018-05-01T13:48:37.113] [INFO] access - ::1 - - "POST /account/posts/regist/confirm HTTP/1.1" 200 3690 "http://localhost:3000/account/posts/regist" "Mozilla/5.0 (Windows NT 10.0; Win64; x64) AppleWebKit/537.36 (KHTML, like Gecko) Chrome/66.0.3359.139 Safari/537.36"
[2018-05-01T13:48:39.000] [WARN] access - ::1 - - "POST /account/logout HTTP/1.1" 302 72 "http://localhost:3000/account/posts/regist/confirm" "Mozilla/5.0 (Windows NT 10.0; Win64; x64) AppleWebKit/537.36 (KHTML, like Gecko) Chrome/66.0.3359.139 Safari/537.36"
[2018-05-01T13:48:39.008] [INFO] access - ::1 - - "GET /account/login HTTP/1.1" 200 2231 "http://localhost:3000/account/posts/regist/confirm" "Mozilla/5.0 (Windows NT 10.0; Win64; x64) AppleWebKit/537.36 (KHTML, like Gecko) Chrome/66.0.3359.139 Safari/537.36"
[2018-05-01T15:05:06.042] [INFO] access - ::1 - - "GET / HTTP/1.1" 200 1413 "" "Mozilla/5.0 (Windows NT 10.0; Win64; x64) AppleWebKit/537.36 (KHTML, like Gecko) Chrome/66.0.3359.139 Safari/537.36"
[2018-05-01T15:05:07.162] [ERROR] access - ::1 - - "GET /favicon.ico HTTP/1.1" 404 150 "http://localhost:3000/" "Mozilla/5.0 (Windows NT 10.0; Win64; x64) AppleWebKit/537.36 (KHTML, like Gecko) Chrome/66.0.3359.139 Safari/537.36"
[2018-05-01T15:05:09.010] [WARN] access - ::1 - - "GET /account HTTP/1.1" 302 72 "http://localhost:3000/" "Mozilla/5.0 (Windows NT 10.0; Win64; x64) AppleWebKit/537.36 (KHTML, like Gecko) Chrome/66.0.3359.139 Safari/537.36"
[2018-05-01T15:05:09.023] [INFO] access - ::1 - - "GET /account/login HTTP/1.1" 200 2231 "http://localhost:3000/" "Mozilla/5.0 (Windows NT 10.0; Win64; x64) AppleWebKit/537.36 (KHTML, like Gecko) Chrome/66.0.3359.139 Safari/537.36"
[2018-05-01T15:05:19.117] [WARN] access - ::1 - - "POST /account/login HTTP/1.1" 302 62 "http://localhost:3000/account/login" "Mozilla/5.0 (Windows NT 10.0; Win64; x64) AppleWebKit/537.36 (KHTML, like Gecko) Chrome/66.0.3359.139 Safari/537.36"
[2018-05-01T15:05:19.138] [INFO] access - ::1 - - "GET /account/ HTTP/1.1" 200 1708 "http://localhost:3000/account/login" "Mozilla/5.0 (Windows NT 10.0; Win64; x64) AppleWebKit/537.36 (KHTML, like Gecko) Chrome/66.0.3359.139 Safari/537.36"
[2018-05-01T15:31:21.258] [INFO] access - ::1 - - "GET /api/posts/2017/06/nodejs-basic.html HTTP/1.1" 200 276 "" "Fiddler"
[2018-05-01T15:32:46.138] [INFO] access - ::1 - - "GET /api/posts/2017/06/nodejs-basic.html HTTP/1.1" 200 243 "" "Fiddler"
[2018-05-01T16:46:28.238] [INFO] access - ::1 - - "GET / HTTP/1.1" 200 1413 "" "Fiddler"
[2018-05-01T16:46:42.447] [INFO] access - ::1 - - "GET /search HTTP/1.1" 200 2487 "" "Fiddler"
[2018-05-01T16:46:57.826] [INFO] access - ::1 - - "GET /api/posts/2017/07/advanced-nodejs.html HTTP/1.1" 200 257 "" "Fiddler"
[2018-05-01T17:36:29.735] [INFO] access - ::1 - - "GET / HTTP/1.1" 200 1413 "" "Mozilla/5.0 (Windows NT 10.0; Win64; x64) AppleWebKit/537.36 (KHTML, like Gecko) Chrome/66.0.3359.139 Safari/537.36"
[2018-05-01T17:36:30.010] [ERROR] access - ::1 - - "GET /favicon.ico HTTP/1.1" 404 1589 "http://localhost:3000/" "Mozilla/5.0 (Windows NT 10.0; Win64; x64) AppleWebKit/537.36 (KHTML, like Gecko) Chrome/66.0.3359.139 Safari/537.36"
[2018-05-01T17:36:36.441] [ERROR] access - ::1 - - "GET /aaaa HTTP/1.1" 404 1582 "" "Mozilla/5.0 (Windows NT 10.0; Win64; x64) AppleWebKit/537.36 (KHTML, like Gecko) Chrome/66.0.3359.139 Safari/537.36"
[2018-05-01T17:37:32.796] [ERROR] access - ::1 - - "GET / HTTP/1.1" 500 2871 "http://localhost:3000/aaaa" "Mozilla/5.0 (Windows NT 10.0; Win64; x64) AppleWebKit/537.36 (KHTML, like Gecko) Chrome/66.0.3359.139 Safari/537.36"
[2018-05-01T17:38:51.393] [ERROR] access - ::1 - - "GET / HTTP/1.1" 500 3101 "http://localhost:3000/aaaa" "Mozilla/5.0 (Windows NT 10.0; Win64; x64) AppleWebKit/537.36 (KHTML, like Gecko) Chrome/66.0.3359.139 Safari/537.36"
[2018-05-01T17:39:13.113] [ERROR] access - ::1 - - "GET /aaa HTTP/1.1" 404 1692 "" "Mozilla/5.0 (Windows NT 10.0; Win64; x64) AppleWebKit/537.36 (KHTML, like Gecko) Chrome/66.0.3359.139 Safari/537.36"
[2018-05-01T17:40:04.177] [ERROR] access - ::1 - - "GET / HTTP/1.1" 500 1721 "" "Mozilla/5.0 (Windows NT 10.0; Win64; x64) AppleWebKit/537.36 (KHTML, like Gecko) Chrome/66.0.3359.139 Safari/537.36"
