[2018-04-22T18:01:41.119] [ERROR] system - sample
[2018-04-28T22:27:20.955] [ERROR] system - c:\Projects\weblog\views\posts\index.ejs:24
    22|       <dl class="row mt-5 mb-5">
    23|         <dt class="col-3">公開日:</dt>
 >> 24|         <dd class="col-9"><%= published.toLocalseString() %></dd>
    25|         <dt class="col-3">著者:</dt>
    26|         <dd class="col-9"><%= authors %></dd>
    27|         <dt class="col-3">キーワード:</dt>

published.toLocalseString is not a function
[2018-04-28T23:54:12.312] [ERROR] system - c:\Projects\weblog\views\search\list.ejs:20
    18| 
    19|       <div class="float-right">
 >> 20|         <span class="badge badge-secondary"><%= cout %> 件</span>
    21|       </div>
    22| 
    23|       <form class="form-inline mt-5 mb-5" method="GET" action="/search">

cout is not defined
[2018-04-30T16:26:22.904] [ERROR] system - Invalid Token.
[2018-05-01T17:37:32.764] [ERROR] system - Hello World.
[2018-05-01T17:38:51.386] [ERROR] system - Hello World.
[2018-05-01T17:40:04.146] [ERROR] system - Hello World.
